Determining if the pthread_create exist failed with the following output:
Change Dir: /user/HS124/kk00730/ROS-Path-Planning/build/CMakeFiles/CMakeTmp

Run Build Command:"/usr/bin/make" "cmTC_9cb5b/fast"
/usr/bin/make -f CMakeFiles/cmTC_9cb5b.dir/build.make CMakeFiles/cmTC_9cb5b.dir/build
make[1]: Entering directory '/user/HS124/kk00730/ROS-Path-Planning/build/CMakeFiles/CMakeTmp'
Building C object CMakeFiles/cmTC_9cb5b.dir/CheckSymbolExists.c.o
/usr/bin/cc     -o CMakeFiles/cmTC_9cb5b.dir/CheckSymbolExists.c.o   -c /user/HS124/kk00730/ROS-Path-Planning/build/CMakeFiles/CMakeTmp/CheckSymbolExists.c
Linking C executable cmTC_9cb5b
/usr/bin/cmake -E cmake_link_script CMakeFiles/cmTC_9cb5b.dir/link.txt --verbose=1
/usr/bin/cc       CMakeFiles/cmTC_9cb5b.dir/CheckSymbolExists.c.o  -o cmTC_9cb5b -rdynamic 
CMakeFiles/cmTC_9cb5b.dir/CheckSymbolExists.c.o: In function `main':
CheckSymbolExists.c:(.text+0x16): undefined reference to `pthread_create'
collect2: error: ld returned 1 exit status
CMakeFiles/cmTC_9cb5b.dir/build.make:97: recipe for target 'cmTC_9cb5b' failed
make[1]: *** [cmTC_9cb5b] Error 1
make[1]: Leaving directory '/user/HS124/kk00730/ROS-Path-Planning/build/CMakeFiles/CMakeTmp'
Makefile:126: recipe for target 'cmTC_9cb5b/fast' failed
make: *** [cmTC_9cb5b/fast] Error 2

File /user/HS124/kk00730/ROS-Path-Planning/build/CMakeFiles/CMakeTmp/CheckSymbolExists.c:
/* */
#include <pthread.h>

int main(int argc, char** argv)
{
  (void)argv;
#ifndef pthread_create
  return ((int*)(&pthread_create))[argc];
#else
  (void)argc;
  return 0;
#endif
}

Determining if the function pthread_create exists in the pthreads failed with the following output:
Change Dir: /user/HS124/kk00730/ROS-Path-Planning/build/CMakeFiles/CMakeTmp

Run Build Command:"/usr/bin/make" "cmTC_6f5be/fast"
/usr/bin/make -f CMakeFiles/cmTC_6f5be.dir/build.make CMakeFiles/cmTC_6f5be.dir/build
make[1]: Entering directory '/user/HS124/kk00730/ROS-Path-Planning/build/CMakeFiles/CMakeTmp'
Building C object CMakeFiles/cmTC_6f5be.dir/CheckFunctionExists.c.o
/usr/bin/cc    -DCHECK_FUNCTION_EXISTS=pthread_create   -o CMakeFiles/cmTC_6f5be.dir/CheckFunctionExists.c.o   -c /usr/share/cmake-3.5/Modules/CheckFunctionExists.c
Linking C executable cmTC_6f5be
/usr/bin/cmake -E cmake_link_script CMakeFiles/cmTC_6f5be.dir/link.txt --verbose=1
/usr/bin/cc   -DCHECK_FUNCTION_EXISTS=pthread_create    CMakeFiles/cmTC_6f5be.dir/CheckFunctionExists.c.o  -o cmTC_6f5be -rdynamic -lpthreads 
/usr/bin/ld: cannot find -lpthreads
collect2: error: ld returned 1 exit status
CMakeFiles/cmTC_6f5be.dir/build.make:97: recipe for target 'cmTC_6f5be' failed
make[1]: *** [cmTC_6f5be] Error 1
make[1]: Leaving directory '/user/HS124/kk00730/ROS-Path-Planning/build/CMakeFiles/CMakeTmp'
Makefile:126: recipe for target 'cmTC_6f5be/fast' failed
make: *** [cmTC_6f5be/fast] Error 2


