Determining if the pthread_create exist failed with the following output:
Change Dir: /user/HS121/rw00636/baxterchallenge/build/CMakeFiles/CMakeTmp

Run Build Command:"/usr/bin/make" "cmTC_9006f/fast"
/usr/bin/make -f CMakeFiles/cmTC_9006f.dir/build.make CMakeFiles/cmTC_9006f.dir/build
make[1]: Entering directory '/user/HS121/rw00636/baxterchallenge/build/CMakeFiles/CMakeTmp'
Building C object CMakeFiles/cmTC_9006f.dir/CheckSymbolExists.c.o
/usr/bin/cc     -o CMakeFiles/cmTC_9006f.dir/CheckSymbolExists.c.o   -c /user/HS121/rw00636/baxterchallenge/build/CMakeFiles/CMakeTmp/CheckSymbolExists.c
Linking C executable cmTC_9006f
/usr/bin/cmake -E cmake_link_script CMakeFiles/cmTC_9006f.dir/link.txt --verbose=1
/usr/bin/cc       CMakeFiles/cmTC_9006f.dir/CheckSymbolExists.c.o  -o cmTC_9006f -rdynamic 
CMakeFiles/cmTC_9006f.dir/CheckSymbolExists.c.o: In function `main':
CheckSymbolExists.c:(.text+0x16): undefined reference to `pthread_create'
collect2: error: ld returned 1 exit status
CMakeFiles/cmTC_9006f.dir/build.make:97: recipe for target 'cmTC_9006f' failed
make[1]: *** [cmTC_9006f] Error 1
make[1]: Leaving directory '/user/HS121/rw00636/baxterchallenge/build/CMakeFiles/CMakeTmp'
Makefile:126: recipe for target 'cmTC_9006f/fast' failed
make: *** [cmTC_9006f/fast] Error 2

File /user/HS121/rw00636/baxterchallenge/build/CMakeFiles/CMakeTmp/CheckSymbolExists.c:
/* */
#include <pthread.h>

int main(int argc, char** argv)
{
  (void)argv;
#ifndef pthread_create
  return ((int*)(&pthread_create))[argc];
#else
  (void)argc;
  return 0;
#endif
}

Determining if the function pthread_create exists in the pthreads failed with the following output:
Change Dir: /user/HS121/rw00636/baxterchallenge/build/CMakeFiles/CMakeTmp

Run Build Command:"/usr/bin/make" "cmTC_d0ac9/fast"
/usr/bin/make -f CMakeFiles/cmTC_d0ac9.dir/build.make CMakeFiles/cmTC_d0ac9.dir/build
make[1]: Entering directory '/user/HS121/rw00636/baxterchallenge/build/CMakeFiles/CMakeTmp'
Building C object CMakeFiles/cmTC_d0ac9.dir/CheckFunctionExists.c.o
/usr/bin/cc    -DCHECK_FUNCTION_EXISTS=pthread_create   -o CMakeFiles/cmTC_d0ac9.dir/CheckFunctionExists.c.o   -c /usr/share/cmake-3.5/Modules/CheckFunctionExists.c
Linking C executable cmTC_d0ac9
/usr/bin/cmake -E cmake_link_script CMakeFiles/cmTC_d0ac9.dir/link.txt --verbose=1
/usr/bin/cc   -DCHECK_FUNCTION_EXISTS=pthread_create    CMakeFiles/cmTC_d0ac9.dir/CheckFunctionExists.c.o  -o cmTC_d0ac9 -rdynamic -lpthreads 
/usr/bin/ld: cannot find -lpthreads
collect2: error: ld returned 1 exit status
CMakeFiles/cmTC_d0ac9.dir/build.make:97: recipe for target 'cmTC_d0ac9' failed
make[1]: *** [cmTC_d0ac9] Error 1
make[1]: Leaving directory '/user/HS121/rw00636/baxterchallenge/build/CMakeFiles/CMakeTmp'
Makefile:126: recipe for target 'cmTC_d0ac9/fast' failed
make: *** [cmTC_d0ac9/fast] Error 2


