Determining if the pthread_create exist failed with the following output:
Change Dir: /home/metavm16/ROS-Path-Planning/build/CMakeFiles/CMakeTmp

Run Build Command:"/usr/bin/make" "cmTC_f49ee/fast"
/usr/bin/make -f CMakeFiles/cmTC_f49ee.dir/build.make CMakeFiles/cmTC_f49ee.dir/build
make[1]: Entering directory '/home/metavm16/ROS-Path-Planning/build/CMakeFiles/CMakeTmp'
Building C object CMakeFiles/cmTC_f49ee.dir/CheckSymbolExists.c.o
/usr/bin/cc     -o CMakeFiles/cmTC_f49ee.dir/CheckSymbolExists.c.o   -c /home/metavm16/ROS-Path-Planning/build/CMakeFiles/CMakeTmp/CheckSymbolExists.c
Linking C executable cmTC_f49ee
/usr/bin/cmake -E cmake_link_script CMakeFiles/cmTC_f49ee.dir/link.txt --verbose=1
/usr/bin/cc       CMakeFiles/cmTC_f49ee.dir/CheckSymbolExists.c.o  -o cmTC_f49ee -rdynamic 
CMakeFiles/cmTC_f49ee.dir/CheckSymbolExists.c.o: In function `main':
CheckSymbolExists.c:(.text+0x16): undefined reference to `pthread_create'
collect2: error: ld returned 1 exit status
CMakeFiles/cmTC_f49ee.dir/build.make:97: recipe for target 'cmTC_f49ee' failed
make[1]: *** [cmTC_f49ee] Error 1
make[1]: Leaving directory '/home/metavm16/ROS-Path-Planning/build/CMakeFiles/CMakeTmp'
Makefile:126: recipe for target 'cmTC_f49ee/fast' failed
make: *** [cmTC_f49ee/fast] Error 2

File /home/metavm16/ROS-Path-Planning/build/CMakeFiles/CMakeTmp/CheckSymbolExists.c:
/* */
#include <pthread.h>

int main(int argc, char** argv)
{
  (void)argv;
#ifndef pthread_create
  return ((int*)(&pthread_create))[argc];
#else
  (void)argc;
  return 0;
#endif
}

Determining if the function pthread_create exists in the pthreads failed with the following output:
Change Dir: /home/metavm16/ROS-Path-Planning/build/CMakeFiles/CMakeTmp

Run Build Command:"/usr/bin/make" "cmTC_c6362/fast"
/usr/bin/make -f CMakeFiles/cmTC_c6362.dir/build.make CMakeFiles/cmTC_c6362.dir/build
make[1]: Entering directory '/home/metavm16/ROS-Path-Planning/build/CMakeFiles/CMakeTmp'
Building C object CMakeFiles/cmTC_c6362.dir/CheckFunctionExists.c.o
/usr/bin/cc    -DCHECK_FUNCTION_EXISTS=pthread_create   -o CMakeFiles/cmTC_c6362.dir/CheckFunctionExists.c.o   -c /usr/share/cmake-3.5/Modules/CheckFunctionExists.c
Linking C executable cmTC_c6362
/usr/bin/cmake -E cmake_link_script CMakeFiles/cmTC_c6362.dir/link.txt --verbose=1
/usr/bin/cc   -DCHECK_FUNCTION_EXISTS=pthread_create    CMakeFiles/cmTC_c6362.dir/CheckFunctionExists.c.o  -o cmTC_c6362 -rdynamic -lpthreads 
/usr/bin/ld: cannot find -lpthreads
collect2: error: ld returned 1 exit status
CMakeFiles/cmTC_c6362.dir/build.make:97: recipe for target 'cmTC_c6362' failed
make[1]: *** [cmTC_c6362] Error 1
make[1]: Leaving directory '/home/metavm16/ROS-Path-Planning/build/CMakeFiles/CMakeTmp'
Makefile:126: recipe for target 'cmTC_c6362/fast' failed
make: *** [cmTC_c6362/fast] Error 2


